objc[32840]: Class AXEmojiUtilities is implemented in both /Applications/Xcode.app/Contents/Developer/Platforms/iPhoneSimulator.platform/Developer/SDKs/iPhoneSimulator7.1.sdk/System/Library/PrivateFrameworks/AccessibilityUtilities.framework/AccessibilityUtilities and /Applications/Xcode.app/Contents/Developer/Platforms/iPhoneSimulator.platform/Developer/SDKs/iPhoneSimulator7.1.sdk/usr/lib/libAXSpeechManager.dylib. One of the two will be used. Which one is undefined.
2014-07-16 17:30:14.509 LED[32840:70b] Cannot find executable for CFBundle 0xa58f010 </Applications/Xcode.app/Contents/Developer/Platforms/iPhoneSimulator.platform/Developer/SDKs/iPhoneSimulator7.1.sdk/System/Library/AccessibilityBundles/GeoServices.axbundle> (not loaded)
2014-07-16 17:30:14.516 LED[32840:70b] Cannot find executable for CFBundle 0xa2c7a40 </Applications/Xcode.app/Contents/Developer/Platforms/iPhoneSimulator.platform/Developer/SDKs/iPhoneSimulator7.1.sdk/System/Library/AccessibilityBundles/CertUIFramework.axbundle> (not loaded)
2014-07-16 17:30:14.553 LED[32840:70b] Multi-tasking -> Device: YES, App: YES
2014-07-16 17:30:14.584 LED[32840:70b] Unlimited access to network resources
2014-07-16 17:30:14.588 LED[32840:70b] 

Started backup to iCloud! Please be careful.
Your application might rejected by Apple if you store too much data.
For more information please read "iOS Data Storage Guidelines"
You could find it at the following address https://developer.apple.com/icloud/documentation/data-storage/ .

2014-07-16 17:30:14.979 LED[32840:70b] Resetting plugins due to page load.
2014-07-16 17:30:15.228 LED[32840:70b] Finished load of: file:///Users/natmed91/Library/Application%20Support/iPhone%20Simulator/7.1/Applications/371A614E-9505-4196-992A-6A66AFC16AAA/LED.app/www/index.html
Terminating in response to SpringBoard's termination.
objc[32966]: Class AXEmojiUtilities is implemented in both /Applications/Xcode.app/Contents/Developer/Platforms/iPhoneSimulator.platform/Developer/SDKs/iPhoneSimulator7.1.sdk/System/Library/PrivateFrameworks/AccessibilityUtilities.framework/AccessibilityUtilities and /Applications/Xcode.app/Contents/Developer/Platforms/iPhoneSimulator.platform/Developer/SDKs/iPhoneSimulator7.1.sdk/usr/lib/libAXSpeechManager.dylib. One of the two will be used. Which one is undefined.
2014-07-16 17:31:30.870 Petmote[32966:70b] Cannot find executable for CFBundle 0xa47a810 </Applications/Xcode.app/Contents/Developer/Platforms/iPhoneSimulator.platform/Developer/SDKs/iPhoneSimulator7.1.sdk/System/Library/AccessibilityBundles/CertUIFramework.axbundle> (not loaded)
2014-07-16 17:31:30.877 Petmote[32966:70b] Cannot find executable for CFBundle 0xa3af560 </Applications/Xcode.app/Contents/Developer/Platforms/iPhoneSimulator.platform/Developer/SDKs/iPhoneSimulator7.1.sdk/System/Library/AccessibilityBundles/GeoServices.axbundle> (not loaded)
2014-07-16 17:31:30.910 Petmote[32966:70b] Multi-tasking -> Device: YES, App: YES
2014-07-16 17:31:30.918 Petmote[32966:70b] Unlimited access to network resources
2014-07-16 17:31:30.925 Petmote[32966:70b] Fix applied for database locations?: YES
2014-07-16 17:31:30.926 Petmote[32966:70b] 

Started backup to iCloud! Please be careful.
Your application might rejected by Apple if you store too much data.
For more information please read "iOS Data Storage Guidelines"
You could find it at the following address https://developer.apple.com/icloud/documentation/data-storage/ .

2014-07-16 17:31:31.073 Petmote[32966:70b] Resetting plugins due to page load.
2014-07-16 17:31:31.328 Petmote[32966:70b] Finished load of: file:///Users/natmed91/Library/Application%20Support/iPhone%20Simulator/7.1/Applications/176041E9-E42F-4590-BC88-D5411F13C8F9/Petmote.app/www/index.html
Terminating in response to SpringBoard's termination.
objc[33212]: Class AXEmojiUtilities is implemented in both /Applications/Xcode.app/Contents/Developer/Platforms/iPhoneSimulator.platform/Developer/SDKs/iPhoneSimulator7.1.sdk/System/Library/PrivateFrameworks/AccessibilityUtilities.framework/AccessibilityUtilities and /Applications/Xcode.app/Contents/Developer/Platforms/iPhoneSimulator.platform/Developer/SDKs/iPhoneSimulator7.1.sdk/usr/lib/libAXSpeechManager.dylib. One of the two will be used. Which one is undefined.
2014-07-16 17:33:00.569 Petmote[33212:70b] Cannot find executable for CFBundle 0xa373450 </Applications/Xcode.app/Contents/Developer/Platforms/iPhoneSimulator.platform/Developer/SDKs/iPhoneSimulator7.1.sdk/System/Library/AccessibilityBundles/GeoServices.axbundle> (not loaded)
2014-07-16 17:33:00.576 Petmote[33212:70b] Cannot find executable for CFBundle 0xa46d2e0 </Applications/Xcode.app/Contents/Developer/Platforms/iPhoneSimulator.platform/Developer/SDKs/iPhoneSimulator7.1.sdk/System/Library/AccessibilityBundles/CertUIFramework.axbundle> (not loaded)
2014-07-16 17:33:00.611 Petmote[33212:70b] Multi-tasking -> Device: YES, App: YES
2014-07-16 17:33:00.620 Petmote[33212:70b] Unlimited access to network resources
2014-07-16 17:33:00.623 Petmote[33212:70b] 

Started backup to iCloud! Please be careful.
Your application might rejected by Apple if you store too much data.
For more information please read "iOS Data Storage Guidelines"
You could find it at the following address https://developer.apple.com/icloud/documentation/data-storage/ .

2014-07-16 17:33:00.770 Petmote[33212:70b] Resetting plugins due to page load.
2014-07-16 17:33:00.990 Petmote[33212:70b] Finished load of: file:///Users/natmed91/Library/Application%20Support/iPhone%20Simulator/7.1/Applications/176041E9-E42F-4590-BC88-D5411F13C8F9/Petmote.app/www/index.html
Terminating in response to SpringBoard's termination.
objc[33453]: Class AXEmojiUtilities is implemented in both /Applications/Xcode.app/Contents/Developer/Platforms/iPhoneSimulator.platform/Developer/SDKs/iPhoneSimulator7.1.sdk/System/Library/PrivateFrameworks/AccessibilityUtilities.framework/AccessibilityUtilities and /Applications/Xcode.app/Contents/Developer/Platforms/iPhoneSimulator.platform/Developer/SDKs/iPhoneSimulator7.1.sdk/usr/lib/libAXSpeechManager.dylib. One of the two will be used. Which one is undefined.
2014-07-16 17:34:19.297 Petmote[33453:70b] Cannot find executable for CFBundle 0xa396380 </Applications/Xcode.app/Contents/Developer/Platforms/iPhoneSimulator.platform/Developer/SDKs/iPhoneSimulator7.1.sdk/System/Library/AccessibilityBundles/CertUIFramework.axbundle> (not loaded)
2014-07-16 17:34:19.302 Petmote[33453:70b] Cannot find executable for CFBundle 0xa3a6960 </Applications/Xcode.app/Contents/Developer/Platforms/iPhoneSimulator.platform/Developer/SDKs/iPhoneSimulator7.1.sdk/System/Library/AccessibilityBundles/GeoServices.axbundle> (not loaded)
2014-07-16 17:34:19.339 Petmote[33453:70b] Multi-tasking -> Device: YES, App: YES
2014-07-16 17:34:19.347 Petmote[33453:70b] Unlimited access to network resources
2014-07-16 17:34:19.351 Petmote[33453:70b] 

Started backup to iCloud! Please be careful.
Your application might rejected by Apple if you store too much data.
For more information please read "iOS Data Storage Guidelines"
You could find it at the following address https://developer.apple.com/icloud/documentation/data-storage/ .

2014-07-16 17:34:19.540 Petmote[33453:70b] Resetting plugins due to page load.
2014-07-16 17:34:19.752 Petmote[33453:70b] Finished load of: file:///Users/natmed91/Library/Application%20Support/iPhone%20Simulator/7.1/Applications/176041E9-E42F-4590-BC88-D5411F13C8F9/Petmote.app/www/index.html
Terminating in response to SpringBoard's termination.
